Using pre-set license

 COMMAND LINE ARGUMENTS:
/Users/kyohei/unity/2020.2.3f1/Unity.app/Contents/MacOS/Unity
-adb2
-batchMode
-noUpm
-name
AssetImportWorker0
-projectPath
/Users/kyohei/unity/RollerBall
-logFile
Logs/AssetImportWorker0.log
-srvPort
57145
Successfully changed project path to: /Users/kyohei/unity/RollerBall
/Users/kyohei/unity/RollerBall
Using Asset Import Pipeline V2.
Refreshing native plugins compatible for Editor in 27.56 ms, found 2 plugins.
Preloading 0 native plugins for Editor in 0.00 ms.
Initialize engine version: 2020.2.3f1 (8ff31bc5bf5b)
[Subsystems] Discovering subsystems at path /Users/kyohei/unity/2020.2.3f1/Unity.app/Contents/Resources/UnitySubsystems
[Subsystems] Discovering subsystems at path /Users/kyohei/unity/RollerBall/Assets
GfxDevice: creating device client; threaded=0
2021-02-15 22:01:32.846 Unity[4807:3338833] Color LCD preferred device: Intel(R) Iris(TM) Plus Graphics 655 (low power)
2021-02-15 22:01:32.846 Unity[4807:3338833] Metal devices available: 1
2021-02-15 22:01:32.846 Unity[4807:3338833] 0: Intel(R) Iris(TM) Plus Graphics 655 (low power)
2021-02-15 22:01:32.847 Unity[4807:3338833] Using device Intel(R) Iris(TM) Plus Graphics 655 (low power)
Initializing Metal device caps: Intel(R) Iris(TM) Plus Graphics 655
Initialize mono
Mono path[0] = '/Users/kyohei/unity/2020.2.3f1/Unity.app/Contents/Managed'
Mono path[1] = '/Users/kyohei/unity/2020.2.3f1/Unity.app/Contents/MonoBleedingEdge/lib/mono/unityjit'
Mono config path = '/Users/kyohei/unity/2020.2.3f1/Unity.app/Contents/MonoBleedingEdge/etc'
Using monoOptions --debugger-agent=transport=dt_socket,embedding=1,server=y,suspend=n,address=127.0.0.1:56807
Begin MonoManager ReloadAssembly
Registering precompiled unity dll's ...
Register platform support module: /Users/kyohei/unity/2020.2.3f1/Unity.app/Contents/PlaybackEngines/MacStandaloneSupport/UnityEditor.OSXStandalone.Extensions.dll
Registered in 0.000441 seconds.
Native extension for OSXStandalone target not found
Refreshing native plugins compatible for Editor in 27.21 ms, found 2 plugins.
Preloading 0 native plugins for Editor in 0.00 ms.
Invoked RoslynAnalysisRunner static constructor.
RoslynAnalysisRunner will not be running.
RoslynAnalysisRunner has terminated.
Mono: successfully reloaded assembly
- Completed reload, in  1.703 seconds
Platform modules already initialized, skipping
Registering precompiled user dll's ...
Registered in 0.001254 seconds.
Begin MonoManager ReloadAssembly
Native extension for OSXStandalone target not found
Refreshing native plugins compatible for Editor in 24.76 ms, found 2 plugins.
Preloading 0 native plugins for Editor in 0.00 ms.
Invoked RoslynAnalysisRunner static constructor.
RoslynAnalysisRunner will not be running.
RoslynAnalysisRunner has terminated.
Mono: successfully reloaded assembly
- Completed reload, in  1.525 seconds
Platform modules already initialized, skipping
========================================================================
Worker process is ready to serve import requests
Launching external process: /Users/kyohei/unity/2020.2.3f1/Unity.app/Contents/Tools/UnityShaderCompiler
Launched and connected shader compiler UnityShaderCompiler after 0.01 seconds
Refreshing native plugins compatible for Editor in 0.37 ms, found 2 plugins.
Preloading 0 native plugins for Editor in 0.00 ms.
Unloading 1630 Unused Serialized files (Serialized files now loaded: 0)
System memory in use before: 152.5 MB.
System memory in use after: 152.6 MB.

Unloading 22 unused Assets to reduce memory usage. Loaded Objects now: 2059.
Total: 1.994243 ms (FindLiveObjects: 0.190669 ms CreateObjectMapping: 0.058407 ms MarkObjects: 1.680167 ms  DeleteObjects: 0.064071 ms)

========================================================================
Received Import Request.
  path: ProjectSettings/TagManager.asset
  artifactKey: Guid(00000000000000003000000000000000) Importer(815301076,1909f56bfc062723c751e8b465ee728b)
Start importing ProjectSettings/TagManager.asset using Guid(00000000000000003000000000000000) Importer(815301076,1909f56bfc062723c751e8b465ee728b)  -> (artifact id: '3feff5fae10247456117a9ccebeb351d') in 0.757855 seconds
  Import took 0.761230 seconds .

========================================================================
Received Import Request.
  Time since last request: 330.877401 seconds.
  path: Assets/Red.mat
  artifactKey: Guid(1f4b1cae990b247369c84c2a12f85e01) Importer(815301076,1909f56bfc062723c751e8b465ee728b)
Start importing Assets/Red.mat using Guid(1f4b1cae990b247369c84c2a12f85e01) Importer(815301076,1909f56bfc062723c751e8b465ee728b)  -> (artifact id: '93a9d7e3683308d95a8300d88b1557cb') in 0.373385 seconds
  Import took 0.376133 seconds .

========================================================================
Received Prepare
Registering precompiled user dll's ...
Registered in 0.001399 seconds.
Begin MonoManager ReloadAssembly
Native extension for OSXStandalone target not found
Refreshing native plugins compatible for Editor in 0.50 ms, found 2 plugins.
Preloading 0 native plugins for Editor in 0.00 ms.
Invoked RoslynAnalysisRunner static constructor.
RoslynAnalysisRunner will not be running.
RoslynAnalysisRunner has terminated.
Mono: successfully reloaded assembly
- Completed reload, in  1.160 seconds
Platform modules already initialized, skipping
Refreshing native plugins compatible for Editor in 0.30 ms, found 2 plugins.
Preloading 0 native plugins for Editor in 0.00 ms.
Unloading 1625 Unused Serialized files (Serialized files now loaded: 0)
System memory in use before: 165.0 MB.
System memory in use after: 165.1 MB.

Unloading 18 unused Assets to reduce memory usage. Loaded Objects now: 2102.
Total: 2.451291 ms (FindLiveObjects: 0.273205 ms CreateObjectMapping: 0.112248 ms MarkObjects: 2.042328 ms  DeleteObjects: 0.021897 ms)

========================================================================
Received Import Request.
  Time since last request: 485.730191 seconds.
  path: Assets/RaycastAgent.cs
  artifactKey: Guid(227a5c8f4109a4b0b8fc64c68e6afcb9) Importer(815301076,1909f56bfc062723c751e8b465ee728b)
Start importing Assets/RaycastAgent.cs using Guid(227a5c8f4109a4b0b8fc64c68e6afcb9) Importer(815301076,1909f56bfc062723c751e8b465ee728b)  -> (artifact id: '1635894315dcb93ade3f95606d65de61') in 0.276790 seconds
  Import took 0.280532 seconds .

========================================================================
Received Import Request.
  Time since last request: 1086.927734 seconds.
  path: Assets/RaycastAgent.cs
  artifactKey: Guid(227a5c8f4109a4b0b8fc64c68e6afcb9) Importer(815301076,1909f56bfc062723c751e8b465ee728b)
Start importing Assets/RaycastAgent.cs using Guid(227a5c8f4109a4b0b8fc64c68e6afcb9) Importer(815301076,1909f56bfc062723c751e8b465ee728b)  -> (artifact id: 'f3eb977f861198578fd59be32627fb36') in 0.001531 seconds
  Import took 0.004706 seconds .

========================================================================
Received Import Request.
  Time since last request: 86.904745 seconds.
  path: Assets/RaycastAgent.cs
  artifactKey: Guid(227a5c8f4109a4b0b8fc64c68e6afcb9) Importer(815301076,1909f56bfc062723c751e8b465ee728b)
Start importing Assets/RaycastAgent.cs using Guid(227a5c8f4109a4b0b8fc64c68e6afcb9) Importer(815301076,1909f56bfc062723c751e8b465ee728b)  -> (artifact id: '9d65496f1ffbac7e8830f7e39141f759') in 0.001737 seconds
  Import took 0.004776 seconds .

