Using pre-set license

 COMMAND LINE ARGUMENTS:
/Users/kyohei/unity/2020.2.3f1/Unity.app/Contents/MacOS/Unity
-adb2
-batchMode
-noUpm
-name
AssetImportWorker0
-projectPath
/Users/kyohei/unity/RollerBall
-logFile
Logs/AssetImportWorker0.log
-srvPort
58282
Successfully changed project path to: /Users/kyohei/unity/RollerBall
/Users/kyohei/unity/RollerBall
Using Asset Import Pipeline V2.
Refreshing native plugins compatible for Editor in 36.10 ms, found 2 plugins.
Preloading 0 native plugins for Editor in 0.00 ms.
Initialize engine version: 2020.2.3f1 (8ff31bc5bf5b)
[Subsystems] Discovering subsystems at path /Users/kyohei/unity/2020.2.3f1/Unity.app/Contents/Resources/UnitySubsystems
[Subsystems] Discovering subsystems at path /Users/kyohei/unity/RollerBall/Assets
GfxDevice: creating device client; threaded=0
2021-02-16 22:23:04.187 Unity[28456:5204635] Color LCD preferred device: Intel(R) Iris(TM) Plus Graphics 655 (low power)
2021-02-16 22:23:04.187 Unity[28456:5204635] Metal devices available: 1
2021-02-16 22:23:04.187 Unity[28456:5204635] 0: Intel(R) Iris(TM) Plus Graphics 655 (low power)
2021-02-16 22:23:04.188 Unity[28456:5204635] Using device Intel(R) Iris(TM) Plus Graphics 655 (low power)
Initializing Metal device caps: Intel(R) Iris(TM) Plus Graphics 655
Initialize mono
Mono path[0] = '/Users/kyohei/unity/2020.2.3f1/Unity.app/Contents/Managed'
Mono path[1] = '/Users/kyohei/unity/2020.2.3f1/Unity.app/Contents/MonoBleedingEdge/lib/mono/unityjit'
Mono config path = '/Users/kyohei/unity/2020.2.3f1/Unity.app/Contents/MonoBleedingEdge/etc'
Using monoOptions --debugger-agent=transport=dt_socket,embedding=1,server=y,suspend=n,address=127.0.0.1:56456
Begin MonoManager ReloadAssembly
Registering precompiled unity dll's ...
Register platform support module: /Users/kyohei/unity/2020.2.3f1/Unity.app/Contents/PlaybackEngines/MacStandaloneSupport/UnityEditor.OSXStandalone.Extensions.dll
Registered in 0.002250 seconds.
Native extension for OSXStandalone target not found
Refreshing native plugins compatible for Editor in 28.31 ms, found 2 plugins.
Preloading 0 native plugins for Editor in 0.00 ms.
Invoked RoslynAnalysisRunner static constructor.
RoslynAnalysisRunner will not be running.
RoslynAnalysisRunner has terminated.
Mono: successfully reloaded assembly
- Completed reload, in  2.163 seconds
Platform modules already initialized, skipping
Registering precompiled user dll's ...
Registered in 0.008509 seconds.
Begin MonoManager ReloadAssembly
Native extension for OSXStandalone target not found
Refreshing native plugins compatible for Editor in 28.03 ms, found 2 plugins.
Preloading 0 native plugins for Editor in 0.00 ms.
Invoked RoslynAnalysisRunner static constructor.
RoslynAnalysisRunner will not be running.
RoslynAnalysisRunner has terminated.
Mono: successfully reloaded assembly
- Completed reload, in  1.580 seconds
Platform modules already initialized, skipping
========================================================================
Worker process is ready to serve import requests
Launching external process: /Users/kyohei/unity/2020.2.3f1/Unity.app/Contents/Tools/UnityShaderCompiler
Launched and connected shader compiler UnityShaderCompiler after 0.01 seconds
Refreshing native plugins compatible for Editor in 0.34 ms, found 2 plugins.
Preloading 0 native plugins for Editor in 0.00 ms.
Unloading 1632 Unused Serialized files (Serialized files now loaded: 0)
System memory in use before: 152.6 MB.
System memory in use after: 152.7 MB.

Unloading 22 unused Assets to reduce memory usage. Loaded Objects now: 2061.
Total: 2.638598 ms (FindLiveObjects: 0.396188 ms CreateObjectMapping: 0.132886 ms MarkObjects: 2.039000 ms  DeleteObjects: 0.068818 ms)

========================================================================
Received Import Request.
  path: Assets/test.unity
  artifactKey: Guid(76feaa111229a4872a2276e203e308f2) Importer(815301076,1909f56bfc062723c751e8b465ee728b)
Start importing Assets/test.unity using Guid(76feaa111229a4872a2276e203e308f2) Importer(815301076,1909f56bfc062723c751e8b465ee728b)  -> (artifact id: '5e9ddbf1cbc1bf89576a5e5cdd70d7b4') in 0.013111 seconds
  Import took 0.016540 seconds .

========================================================================
Received Prepare
Registering precompiled user dll's ...
Registered in 0.001286 seconds.
Begin MonoManager ReloadAssembly
Native extension for OSXStandalone target not found
Refreshing native plugins compatible for Editor in 0.36 ms, found 2 plugins.
Preloading 0 native plugins for Editor in 0.00 ms.
Invoked RoslynAnalysisRunner static constructor.
RoslynAnalysisRunner will not be running.
RoslynAnalysisRunner has terminated.
Mono: successfully reloaded assembly
- Completed reload, in  0.991 seconds
Platform modules already initialized, skipping
Refreshing native plugins compatible for Editor in 0.29 ms, found 2 plugins.
Preloading 0 native plugins for Editor in 0.00 ms.
Unloading 1626 Unused Serialized files (Serialized files now loaded: 0)
System memory in use before: 152.8 MB.
System memory in use after: 152.9 MB.

Unloading 17 unused Assets to reduce memory usage. Loaded Objects now: 2063.
Total: 1.774493 ms (FindLiveObjects: 0.168971 ms CreateObjectMapping: 0.045543 ms MarkObjects: 1.540175 ms  DeleteObjects: 0.018944 ms)

AssetImportWorkerClient::OnTransportError - code=2 error=End of file
