Using pre-set license

 COMMAND LINE ARGUMENTS:
/Users/kyohei/unity/2020.2.3f1/Unity.app/Contents/MacOS/Unity
-adb2
-batchMode
-noUpm
-name
AssetImportWorker0
-projectPath
/Users/kyohei/unity/PingPong
-logFile
Logs/AssetImportWorker0.log
-srvPort
50730
Successfully changed project path to: /Users/kyohei/unity/PingPong
/Users/kyohei/unity/PingPong
Using Asset Import Pipeline V2.
Refreshing native plugins compatible for Editor in 43.98 ms, found 2 plugins.
Preloading 0 native plugins for Editor in 0.00 ms.
Initialize engine version: 2020.2.3f1 (8ff31bc5bf5b)
[Subsystems] Discovering subsystems at path /Users/kyohei/unity/2020.2.3f1/Unity.app/Contents/Resources/UnitySubsystems
[Subsystems] Discovering subsystems at path /Users/kyohei/unity/PingPong/Assets
GfxDevice: creating device client; threaded=0
2021-02-13 21:30:45.522 Unity[74753:871330] Color LCD preferred device: Intel(R) Iris(TM) Plus Graphics 655 (low power)
2021-02-13 21:30:45.522 Unity[74753:871330] Metal devices available: 1
2021-02-13 21:30:45.522 Unity[74753:871330] 0: Intel(R) Iris(TM) Plus Graphics 655 (low power)
2021-02-13 21:30:45.523 Unity[74753:871330] Using device Intel(R) Iris(TM) Plus Graphics 655 (low power)
Initializing Metal device caps: Intel(R) Iris(TM) Plus Graphics 655
Initialize mono
Mono path[0] = '/Users/kyohei/unity/2020.2.3f1/Unity.app/Contents/Managed'
Mono path[1] = '/Users/kyohei/unity/2020.2.3f1/Unity.app/Contents/MonoBleedingEdge/lib/mono/unityjit'
Mono config path = '/Users/kyohei/unity/2020.2.3f1/Unity.app/Contents/MonoBleedingEdge/etc'
Using monoOptions --debugger-agent=transport=dt_socket,embedding=1,server=y,suspend=n,address=127.0.0.1:56753
Begin MonoManager ReloadAssembly
Registering precompiled unity dll's ...
Register platform support module: /Users/kyohei/unity/2020.2.3f1/Unity.app/Contents/PlaybackEngines/MacStandaloneSupport/UnityEditor.OSXStandalone.Extensions.dll
Registered in 0.000497 seconds.
Native extension for OSXStandalone target not found
Refreshing native plugins compatible for Editor in 25.92 ms, found 2 plugins.
Preloading 0 native plugins for Editor in 0.00 ms.
Invoked RoslynAnalysisRunner static constructor.
RoslynAnalysisRunner will not be running.
RoslynAnalysisRunner has terminated.
Mono: successfully reloaded assembly
- Completed reload, in  1.874 seconds
Platform modules already initialized, skipping
Registering precompiled user dll's ...
Registered in 0.001241 seconds.
Begin MonoManager ReloadAssembly
Native extension for OSXStandalone target not found
Refreshing native plugins compatible for Editor in 26.16 ms, found 2 plugins.
Preloading 0 native plugins for Editor in 0.00 ms.
Invoked RoslynAnalysisRunner static constructor.
RoslynAnalysisRunner will not be running.
RoslynAnalysisRunner has terminated.
Mono: successfully reloaded assembly
- Completed reload, in  1.558 seconds
Platform modules already initialized, skipping
========================================================================
Worker process is ready to serve import requests
Launching external process: /Users/kyohei/unity/2020.2.3f1/Unity.app/Contents/Tools/UnityShaderCompiler
Launched and connected shader compiler UnityShaderCompiler after 0.01 seconds
Refreshing native plugins compatible for Editor in 0.30 ms, found 2 plugins.
Preloading 0 native plugins for Editor in 0.00 ms.
Unloading 1632 Unused Serialized files (Serialized files now loaded: 0)
System memory in use before: 155.4 MB.
System memory in use after: 155.4 MB.

Unloading 23 unused Assets to reduce memory usage. Loaded Objects now: 2060.
Total: 2.442821 ms (FindLiveObjects: 0.241178 ms CreateObjectMapping: 0.090515 ms MarkObjects: 2.011093 ms  DeleteObjects: 0.098786 ms)

========================================================================
Received Import Request.
  path: Assets/GameManager.cs
  artifactKey: Guid(8768d4f78dfc74b569a845b3f5201691) Importer(815301076,1909f56bfc062723c751e8b465ee728b)
Start importing Assets/GameManager.cs using Guid(8768d4f78dfc74b569a845b3f5201691) Importer(815301076,1909f56bfc062723c751e8b465ee728b)  -> (artifact id: '6c8298fefc74607cdb8c6c6d2e4281f1') in 0.265865 seconds
  Import took 0.270734 seconds .

========================================================================
Received Prepare
Registering precompiled user dll's ...
Registered in 0.002195 seconds.
Begin MonoManager ReloadAssembly
Native extension for OSXStandalone target not found
Refreshing native plugins compatible for Editor in 0.36 ms, found 2 plugins.
Preloading 0 native plugins for Editor in 0.00 ms.
Invoked RoslynAnalysisRunner static constructor.
RoslynAnalysisRunner will not be running.
RoslynAnalysisRunner has terminated.
Mono: successfully reloaded assembly
- Completed reload, in  0.954 seconds
Platform modules already initialized, skipping
Refreshing native plugins compatible for Editor in 0.28 ms, found 2 plugins.
Preloading 0 native plugins for Editor in 0.00 ms.
Unloading 1627 Unused Serialized files (Serialized files now loaded: 0)
System memory in use before: 159.9 MB.
System memory in use after: 159.9 MB.

Unloading 18 unused Assets to reduce memory usage. Loaded Objects now: 2062.
Total: 2.074091 ms (FindLiveObjects: 0.235564 ms CreateObjectMapping: 0.078424 ms MarkObjects: 1.708668 ms  DeleteObjects: 0.048720 ms)

========================================================================
Received Import Request.
  Time since last request: 114.529568 seconds.
  path: Assets/GameManager.cs
  artifactKey: Guid(8768d4f78dfc74b569a845b3f5201691) Importer(815301076,1909f56bfc062723c751e8b465ee728b)
Start importing Assets/GameManager.cs using Guid(8768d4f78dfc74b569a845b3f5201691) Importer(815301076,1909f56bfc062723c751e8b465ee728b)  -> (artifact id: 'c96ce63466869f106ea85d1be1e82755') in 0.004636 seconds
  Import took 0.008536 seconds .

========================================================================
Received Prepare
Registering precompiled user dll's ...
Registered in 0.003213 seconds.
Begin MonoManager ReloadAssembly
Native extension for OSXStandalone target not found
Refreshing native plugins compatible for Editor in 0.40 ms, found 2 plugins.
Preloading 0 native plugins for Editor in 0.00 ms.
Invoked RoslynAnalysisRunner static constructor.
RoslynAnalysisRunner will not be running.
RoslynAnalysisRunner has terminated.
Mono: successfully reloaded assembly
- Completed reload, in  1.255 seconds
Platform modules already initialized, skipping
Refreshing native plugins compatible for Editor in 0.42 ms, found 2 plugins.
Preloading 0 native plugins for Editor in 0.00 ms.
Unloading 1627 Unused Serialized files (Serialized files now loaded: 0)
System memory in use before: 160.2 MB.
System memory in use after: 160.3 MB.

Unloading 18 unused Assets to reduce memory usage. Loaded Objects now: 2064.
Total: 2.215538 ms (FindLiveObjects: 0.186501 ms CreateObjectMapping: 0.058046 ms MarkObjects: 1.913913 ms  DeleteObjects: 0.055805 ms)

========================================================================
Received Prepare
Registering precompiled user dll's ...
Registered in 0.002416 seconds.
Begin MonoManager ReloadAssembly
Native extension for OSXStandalone target not found
Refreshing native plugins compatible for Editor in 0.45 ms, found 2 plugins.
Preloading 0 native plugins for Editor in 0.00 ms.
Invoked RoslynAnalysisRunner static constructor.
RoslynAnalysisRunner will not be running.
RoslynAnalysisRunner has terminated.
Mono: successfully reloaded assembly
- Completed reload, in  1.159 seconds
Platform modules already initialized, skipping
Refreshing native plugins compatible for Editor in 0.32 ms, found 2 plugins.
Preloading 0 native plugins for Editor in 0.00 ms.
Unloading 1627 Unused Serialized files (Serialized files now loaded: 0)
System memory in use before: 160.5 MB.
System memory in use after: 160.6 MB.

Unloading 18 unused Assets to reduce memory usage. Loaded Objects now: 2066.
Total: 1.852998 ms (FindLiveObjects: 0.195468 ms CreateObjectMapping: 0.061677 ms MarkObjects: 1.551461 ms  DeleteObjects: 0.043620 ms)

========================================================================
Received Import Request.
  Time since last request: 1659.539570 seconds.
  path: Assets/GameManager.cs
  artifactKey: Guid(8768d4f78dfc74b569a845b3f5201691) Importer(815301076,1909f56bfc062723c751e8b465ee728b)
Start importing Assets/GameManager.cs using Guid(8768d4f78dfc74b569a845b3f5201691) Importer(815301076,1909f56bfc062723c751e8b465ee728b)  -> (artifact id: 'cb43abe1962a3cf3a52e87e841dc7534') in 0.003826 seconds
  Import took 0.007092 seconds .

========================================================================
Received Prepare
Registering precompiled user dll's ...
Registered in 0.001439 seconds.
Begin MonoManager ReloadAssembly
Native extension for OSXStandalone target not found
Refreshing native plugins compatible for Editor in 0.35 ms, found 2 plugins.
Preloading 0 native plugins for Editor in 0.00 ms.
Invoked RoslynAnalysisRunner static constructor.
RoslynAnalysisRunner will not be running.
RoslynAnalysisRunner has terminated.
Mono: successfully reloaded assembly
- Completed reload, in  0.914 seconds
Platform modules already initialized, skipping
Refreshing native plugins compatible for Editor in 0.29 ms, found 2 plugins.
Preloading 0 native plugins for Editor in 0.00 ms.
Unloading 1627 Unused Serialized files (Serialized files now loaded: 0)
System memory in use before: 160.8 MB.
System memory in use after: 160.9 MB.

Unloading 18 unused Assets to reduce memory usage. Loaded Objects now: 2068.
Total: 2.452227 ms (FindLiveObjects: 0.223190 ms CreateObjectMapping: 0.078430 ms MarkObjects: 2.098675 ms  DeleteObjects: 0.050283 ms)

========================================================================
Received Prepare
Registering precompiled user dll's ...
Registered in 0.001460 seconds.
Begin MonoManager ReloadAssembly
Native extension for OSXStandalone target not found
Refreshing native plugins compatible for Editor in 0.39 ms, found 2 plugins.
Preloading 0 native plugins for Editor in 0.00 ms.
Invoked RoslynAnalysisRunner static constructor.
RoslynAnalysisRunner will not be running.
RoslynAnalysisRunner has terminated.
Mono: successfully reloaded assembly
- Completed reload, in  1.241 seconds
Platform modules already initialized, skipping
Refreshing native plugins compatible for Editor in 0.37 ms, found 2 plugins.
Preloading 0 native plugins for Editor in 0.00 ms.
Unloading 1627 Unused Serialized files (Serialized files now loaded: 0)
System memory in use before: 161.1 MB.
System memory in use after: 161.1 MB.

Unloading 18 unused Assets to reduce memory usage. Loaded Objects now: 2070.
Total: 2.208734 ms (FindLiveObjects: 0.218068 ms CreateObjectMapping: 0.056766 ms MarkObjects: 1.867501 ms  DeleteObjects: 0.065194 ms)

